<?xml version="1.0" encoding="UTF-8"?>
<testsuite xmlns:xsi="http://www.w3.org/2001/XMLSchema-instance" xsi:noNamespaceSchemaLocation="https://maven.apache.org/surefire/maven-surefire-plugin/xsd/surefire-test-report.xsd" version="3.0.2" name="com.example.xpenso.controller.ProfileControllerTest" time="0.575" tests="9" errors="0" skipped="0" failures="0">
  <properties>
[...]
</properties>
  <testcase name="register_shouldReturn201" classname="com.example.xpenso.controller.ProfileControllerTest" time="0.02">
    <system-out><![CDATA[2026-04-20T11:17:24.705+05:30  INFO 37940 --- [           main] t.c.s.AnnotationConfigContextLoaderUtils : Could not detect default configuration classes for test class [com.example.xpenso.controller.ProfileControllerTest]: ProfileControllerTest does not declare any static, non-private, non-final, nested classes annotated with @Configuration.
2026-04-20T11:17:24.727+05:30  INFO 37940 --- [           main] .b.t.c.SpringBootTestContextBootstrapper : Found @SpringBootConfiguration com.example.xpenso.XpensoApplication for test class com.example.xpenso.controller.ProfileControllerTest

  .   ____          _            __ _ _
 /\\ / ___'_ __ _ _(_)_ __  __ _ \ \ \ \
( ( )\___ | '_ | '_| | '_ \/ _` | \ \ \ \
 \\/  ___)| |_)| | | | | || (_| |  ) ) ) )
  '  |____| .__|_| |_|_| |_\__, | / / / /
 =========|_|==============|___/=/_/_/_/

 :: Spring Boot ::                (v3.5.7)

2026-04-20T11:17:24.776+05:30  INFO 37940 --- [           main] c.e.x.controller.ProfileControllerTest   : Starting ProfileControllerTest using Java 26 with PID 37940 (started by VEDANTI in C:\Users\VEDANTI\Desktop\Xpenso\backend)
2026-04-20T11:17:24.777+05:30  INFO 37940 --- [           main] c.e.x.controller.ProfileControllerTest   : The following 1 profile is active: "test"
2026-04-20T11:17:25.138+05:30  WARN 37940 --- [           main] .s.s.UserDetailsServiceAutoConfiguration : 

Using generated security password: 98857fb0-33b0-4098-b7ad-aa62e0e20991

This generated password is for development use only. Your security configuration must be updated before running your application in production.

2026-04-20T11:17:25.139+05:30  INFO 37940 --- [           main] r$InitializeUserDetailsManagerConfigurer : Global AuthenticationManager configured with UserDetailsService bean with name inMemoryUserDetailsManager
2026-04-20T11:17:25.160+05:30  INFO 37940 --- [           main] o.s.b.t.m.w.SpringBootMockServletContext : Initializing Spring TestDispatcherServlet ''
2026-04-20T11:17:25.160+05:30  INFO 37940 --- [           main] o.s.t.web.servlet.TestDispatcherServlet  : Initializing Servlet ''
2026-04-20T11:17:25.161+05:30  INFO 37940 --- [           main] o.s.t.web.servlet.TestDispatcherServlet  : Completed initialization in 1 ms
2026-04-20T11:17:25.170+05:30  INFO 37940 --- [           main] c.e.x.controller.ProfileControllerTest   : Started ProfileControllerTest in 0.435 seconds (process running for 4.273)
]]></system-out>
  </testcase>
  <testcase name="activate_shouldReturn302_whenTokenValid" classname="com.example.xpenso.controller.ProfileControllerTest" time="0.027"/>
  <testcase name="resendActivation_shouldReturn400_whenEmailBlank" classname="com.example.xpenso.controller.ProfileControllerTest" time="0.007"/>
  <testcase name="login_shouldReturn200_withToken" classname="com.example.xpenso.controller.ProfileControllerTest" time="0.009"/>
  <testcase name="resendActivation_shouldReturn200_whenEmailSent" classname="com.example.xpenso.controller.ProfileControllerTest" time="0.006"/>
  <testcase name="activate_shouldReturn404_whenTokenInvalid" classname="com.example.xpenso.controller.ProfileControllerTest" time="0.004"/>
  <testcase name="resendActivation_shouldReturn404_whenNotFound" classname="com.example.xpenso.controller.ProfileControllerTest" time="0.006"/>
  <testcase name="getProfile_shouldReturn200" classname="com.example.xpenso.controller.ProfileControllerTest" time="0.008"/>
  <testcase name="login_shouldReturn403_whenAccountNotActive" classname="com.example.xpenso.controller.ProfileControllerTest" time="0.007"/>
</testsuite>